
ROM used:   748/8192 (9%)
            748/8192 (9%) including unused fragments

            0.7 Average locations per line
            5.8 Average locations per statement

RAM used:   17/368 (5%) at main() level
            34/368 (9%) worst case

Stack used: 6 worst case (6 in main + 0 for interrupts)
Stack size: 8

Lines Stmts  %   Files
----- ----- ---  -----
   83    51  40  main.c
  708     0   0  ..\..\..\..\..\..\..\Program Files (x86)\PICC\Devices\16F877A.h
  211    77  60  ..\..\..\..\..\..\..\Program Files (x86)\PICC\Drivers\i2c_Flex_LCD.c
----- -----
 1002   128 Total

Page ROM  %  RAM    Vol Diff  Functions:
---- --- --- ---    --- ----  ----------
0     20   3    1             @delay_ms1
0     16   2    1             @I2C_WRITEU_129
0     80  11    3    574  5.9  i2c_send_nibble
0     30   4    3    149  2.8  lcd_send_byte
0     10   1    0     61  1.9  lcd_clear
0      8   1    0             @const727
0     76  10    5    902  5.8  lcd_init
0     55   7    7    681  8.0  lcd_gotoxy
0     37   5    1    313  5.7  LCD_PUTC
0    271  36    3   1899  8.0  MAIN
0      7   1    0             @const742
0     86  11    4             @PSTRINGC7_737
0      6   1    0             @const747
0      7   1    0             @const748
0      9   1    0             @const750
0      9   1    0             @const751
0      9   1    0             @const752
0      8   1    0             @const754
 Inline         0             @cinit1

Program metrics:
    Functions               7
    Statements              128
    Comments                236
    Volume (V)              6388
    Difficulty (D)          37.8
    Effort to implement (E) 241209
    Time to implement (T)   3 hours, 43 minutes
    Est Delivered Bugs (B)  1
    Cyclomatic Complexity   20
    Maintainability (MI)    109

 Segment     Used  Free
-----------  ----  ----
00000-00003     4  0  
00004-007FF   744  1300  
00800-00FFF     0  2048  
01000-017FF     0  2048  
01800-01FFF     0  2048  



